Arguments: 
  D:\Programas Instalados\node.exe D:\Programas Instalados\bin\yarn.js

PATH: 
  C:\Program Files\AdoptOpenJDK\jdk-11.0.9.11-hotspot\bin;C:\Python27\;C:\Python27\Scripts;C:\Program Files\AdoptOpenJDK\jre-8.0.242.08-hotspot\bin;C:\Program Files\AdoptOpenJDK\jre-11.0.6.10-hotspot\bin;C:\Program Files (x86)\AdoptOpenJDK\jre-8.0.242.08-hotspot\bin;C:\Windows\system32;C:\Windows;C:\Windows\System32\Wbem;C:\Windows\System32\WindowsPowerShell\v1.0\;C:\Windows\System32\OpenSSH\;C:\Program Files\PuTTY\;C:\Program Files\Microsoft VS Code\bin;Git\cmd;C:\ProgramData\chocolatey\bin;bin\;C:\Program Files\Microsoft SQL Server\Client SDK\ODBC\130\Tools\Binn\;C:\Program Files (x86)\Microsoft SQL Server\140\Tools\Binn\;C:\Program Files\Microsoft SQL Server\140\Tools\Binn\;C:\Program Files\Microsoft SQL Server\140\DTS\Binn\;C:\Program Files (x86)\Microsoft SQL Server\150\DTS\Binn\;D:\Programas Instalados\bin\;D:\Programas Instalados\;D:\Programas Instalados\Git\cmd;C:\Program Files\Docker\Docker\resources\bin;C:\ProgramData\DockerDesktop\version-bin;C:\Users\kervi\AppData\Local\Microsoft\WindowsApps;C:\Users\kervi\AppData\Local\GitHubDesktop\bin;Microsoft VS Code\bin;C:\Users\kervi\AppData\Local\Yarn\bin;C:\Users\kervi\AppData\Roaming\npm;D:\Programas Instalados\Microsoft VS Code\bin;C:\Program Files\Java\jdk1.8.0_271;

Yarn version: 
  1.22.4

Node version: 
  12.18.3

Platform: 
  win32 x64

Trace: 
  Error: https://registry.yarnpkg.com/named-placeholders/-/named-placeholders-1.1.2.tgz: ENOSPC: no space left on device, write

npm manifest: 
  {
    "name": "orm-api-bam",
    "version": "1.0.0",
    "description": "ORM-API-BAM",
    "main": "server.js",
    "scripts": {
      "test": "echo \"Error: no test specified\" && exit 1"
    },
    "keywords": [
      "mysql",
      "node.js"
    ],
    "author": "Kervins Isaac Pineda Cermeño",
    "license": "ISC",
    "dependencies": {
      "bcryptjs": "^2.4.3",
      "colors": "^1.4.0",
      "cors": "^2.8.5",
      "dotenv": "^8.2.0",
      "express": "^4.17.1",
      "jsonwebtoken": "^8.5.1",
      "morgan": "^1.10.0",
      "mysql2": "^2.2.5",
      "sequelize": "^6.3.5",
      "serve-favicon": "^2.5.0",
      "swagger-ui-express": "^4.1.4"
    }
  }

yarn manifest: 
  No manifest

Lockfile: 
  No lockfile
